<?xml version="1.0" encoding="UTF-8"?>
<testsuite xmlns:xsi="http://www.w3.org/2001/XMLSchema-instance" xsi:noNamespaceSchemaLocation="https://maven.apache.org/surefire/maven-surefire-plugin/xsd/surefire-test-report.xsd" name="TestSuite" time="191.093" tests="41" errors="0" skipped="0" failures="0">
  <properties>
    <property name="java.runtime.name" value="Java(TM) SE Runtime Environment"/>
    <property name="sun.boot.library.path" value="C:\Program Files\Java\jdk1.8.0_301\jre\bin"/>
    <property name="java.vm.version" value="25.301-b09"/>
    <property name="java.vm.vendor" value="Oracle Corporation"/>
    <property name="maven.multiModuleProjectDirectory" value="C:\Users\MARIVEL\.jenkins\workspace\Mini project"/>
    <property name="java.vendor.url" value="http://java.oracle.com/"/>
    <property name="path.separator" value=";"/>
    <property name="guice.disable.misplaced.annotation.check" value="true"/>
    <property name="java.vm.name" value="Java HotSpot(TM) 64-Bit Server VM"/>
    <property name="file.encoding.pkg" value="sun.io"/>
    <property name="user.script" value=""/>
    <property name="user.country" value="IN"/>
    <property name="sun.java.launcher" value="SUN_STANDARD"/>
    <property name="sun.os.patch.level" value=""/>
    <property name="java.vm.specification.name" value="Java Virtual Machine Specification"/>
    <property name="user.dir" value="C:\Users\MARIVEL\.jenkins\workspace\Mini project"/>
    <property name="java.runtime.version" value="1.8.0_301-b09"/>
    <property name="java.awt.graphicsenv" value="sun.awt.Win32GraphicsEnvironment"/>
    <property name="java.endorsed.dirs" value="C:\Program Files\Java\jdk1.8.0_301\jre\lib\endorsed"/>
    <property name="os.arch" value="amd64"/>
    <property name="java.io.tmpdir" value="C:\Users\MARIVEL\AppData\Local\Temp\"/>
    <property name="line.separator" value="&#10;"/>
    <property name="java.vm.specification.vendor" value="Oracle Corporation"/>
    <property name="user.variant" value=""/>
    <property name="os.name" value="Windows 10"/>
    <property name="classworlds.conf" value="C:\Program Files\apache-maven-3.8.1-bin\apache-maven-3.8.1\bin\..\bin\m2.conf"/>
    <property name="sun.jnu.encoding" value="Cp1252"/>
    <property name="java.library.path" value="C:\Program Files\Java\jdk1.8.0_301\bin;C:\windows\Sun\Java\bin;C:\windows\system32;C:\windows;C:\windows\system32;C:\windows;C:\windows\System32\Wbem;C:\windows\System32\WindowsPowerShell\v1.0\;C:\windows\System32\OpenSSH\;C:\Program Files\Java\jdk1.8.0_301\\bin;C:\Program Files\nodejs\;C:\Program Files\apache-maven-3.8.1-bin\apache-maven-3.8.1\bin;C:\Program Files\Docker\Docker\resources\bin;C:\ProgramData\DockerDesktop\version-bin;C:\Program Files\Git\cmd;C:\Program Files\MySQL\MySQL Shell 8.0\bin\;C:\Users\MARIVEL\AppData\Local\Microsoft\WindowsApps;;C:\Users\MARIVEL\AppData\Local\Programs\Microsoft VS Code\bin;C:\Users\MARIVEL\AppData\Roaming\npm;."/>
    <property name="maven.conf" value="C:\Program Files\apache-maven-3.8.1-bin\apache-maven-3.8.1\bin\../conf"/>
    <property name="java.specification.name" value="Java Platform API Specification"/>
    <property name="java.class.version" value="52.0"/>
    <property name="sun.management.compiler" value="HotSpot 64-Bit Tiered Compilers"/>
    <property name="os.version" value="10.0"/>
    <property name="library.jansi.path" value="C:\Program Files\apache-maven-3.8.1-bin\apache-maven-3.8.1\bin\..\lib\jansi-native"/>
    <property name="user.home" value="C:\Users\MARIVEL"/>
    <property name="user.timezone" value="Asia/Calcutta"/>
    <property name="java.awt.printerjob" value="sun.awt.windows.WPrinterJob"/>
    <property name="java.specification.version" value="1.8"/>
    <property name="file.encoding" value="Cp1252"/>
    <property name="user.name" value="MARIVEL"/>
    <property name="java.class.path" value="C:\Program Files\apache-maven-3.8.1-bin\apache-maven-3.8.1\bin\..\boot\plexus-classworlds-2.6.0.jar"/>
    <property name="java.vm.specification.version" value="1.8"/>
    <property name="sun.arch.data.model" value="64"/>
    <property name="java.home" value="C:\Program Files\Java\jdk1.8.0_301\jre"/>
    <property name="sun.java.command" value="org.codehaus.plexus.classworlds.launcher.Launcher -f C:\Users\MARIVEL\eclipse-workspace\IdentifyCourses\pom.xml clean install"/>
    <property name="java.specification.vendor" value="Oracle Corporation"/>
    <property name="user.language" value="en"/>
    <property name="awt.toolkit" value="sun.awt.windows.WToolkit"/>
    <property name="java.vm.info" value="mixed mode"/>
    <property name="java.version" value="1.8.0_301"/>
    <property name="java.ext.dirs" value="C:\Program Files\Java\jdk1.8.0_301\jre\lib\ext;C:\windows\Sun\Java\lib\ext"/>
    <property name="sun.boot.class.path" value="C:\Program Files\Java\jdk1.8.0_301\jre\lib\resources.jar;C:\Program Files\Java\jdk1.8.0_301\jre\lib\rt.jar;C:\Program Files\Java\jdk1.8.0_301\jre\lib\sunrsasign.jar;C:\Program Files\Java\jdk1.8.0_301\jre\lib\jsse.jar;C:\Program Files\Java\jdk1.8.0_301\jre\lib\jce.jar;C:\Program Files\Java\jdk1.8.0_301\jre\lib\charsets.jar;C:\Program Files\Java\jdk1.8.0_301\jre\lib\jfr.jar;C:\Program Files\Java\jdk1.8.0_301\jre\classes"/>
    <property name="java.vendor" value="Oracle Corporation"/>
    <property name="maven.home" value="C:\Program Files\apache-maven-3.8.1-bin\apache-maven-3.8.1\bin\.."/>
    <property name="file.separator" value="\"/>
    <property name="java.vendor.url.bug" value="http://bugreport.sun.com/bugreport/"/>
    <property name="sun.cpu.endian" value="little"/>
    <property name="sun.io.unicode.encoding" value="UnicodeLittle"/>
    <property name="sun.desktop" value="windows"/>
    <property name="sun.cpu.isalist" value="amd64"/>
  </properties>
  <testcase name="openWebSite" classname="com.IdentifyCourse.testcases.FormFillingTestCase" time="2.286"/>
  <testcase name="enterprise" classname="com.IdentifyCourse.testcases.FormFillingTestCase" time="31.248"/>
  <testcase name="products" classname="com.IdentifyCourse.testcases.FormFillingTestCase" time="0.726"/>
  <testcase name="forCampus" classname="com.IdentifyCourse.testcases.FormFillingTestCase" time="5.367"/>
  <testcase name="formfilling" classname="com.IdentifyCourse.testcases.FormFillingTestCase" time="4.727"/>
  <testcase name="screenshot" classname="com.IdentifyCourse.testcases.FormFillingTestCase" time="0.26"/>
  <testcase name="openWebSite" classname="com.IdentifyCourse.testcases.LanguageLearningTestCase" time="3.451"/>
  <testcase name="secondCourse" classname="com.IdentifyCourse.testcases.LanguageLearningTestCase" time="5.548"/>
  <testcase name="selectLanguage2" classname="com.IdentifyCourse.testcases.LanguageLearningTestCase" time="7.569"/>
  <testcase name="selectLevel2" classname="com.IdentifyCourse.testcases.LanguageLearningTestCase" time="0.326"/>
  <testcase name="screenshot" classname="com.IdentifyCourse.testcases.LanguageLearningTestCase" time="0.388"/>
  <testcase name="openWebSite" classname="com.IdentifyCourse.testcases.SearchCourseTestCase" time="4.13"/>
  <testcase name="execution" classname="com.IdentifyCourse.testcases.SearchCourseTestCase" time="3.434"/>
  <testcase name="selectLevels" classname="com.IdentifyCourse.testcases.SearchCourseTestCase" time="9.537"/>
  <testcase name="courseDetails" classname="com.IdentifyCourse.testcases.SearchCourseTestCase" time="16.848"/>
  <testcase name="screenshot" classname="com.IdentifyCourse.testcases.SearchCourseTestCase" time="0.407"/>
  <testcase name="openWebSite" classname="com.IdentifyCourse.testcasescenario.TestScenerio" time="10.231"/>
  <testcase name="clickSearchTextbox" classname="com.IdentifyCourse.testcasescenario.TestScenerio" time="0.136"/>
  <testcase name="sendCourseName" classname="com.IdentifyCourse.testcasescenario.TestScenerio" time="3.588"/>
  <testcase name="selectLang" classname="com.IdentifyCourse.testcasescenario.TestScenerio" time="3.984"/>
  <testcase name="selectLevel" classname="com.IdentifyCourse.testcasescenario.TestScenerio" time="0.74"/>
  <testcase name="firstCourse" classname="com.IdentifyCourse.testcasescenario.TestScenerio" time="15.606"/>
  <testcase name="navigateToUrl" classname="com.IdentifyCourse.testcasescenario.TestScenerio" time="4.621"/>
  <testcase name="openLangWebSite" classname="com.IdentifyCourse.testcasescenario.TestScenerio" time="4.384"/>
  <testcase name="displayLanguage" classname="com.IdentifyCourse.testcasescenario.TestScenerio" time="8.973"/>
  <testcase name="diaplayLevel" classname="com.IdentifyCourse.testcasescenario.TestScenerio" time="0.347"/>
  <testcase name="openEnterprise" classname="com.IdentifyCourse.testcasescenario.TestScenerio" time="14.38"/>
  <testcase name="openForCampus" classname="com.IdentifyCourse.testcasescenario.TestScenerio" time="2.008"/>
  <testcase name="getStarted" classname="com.IdentifyCourse.testcasescenario.TestScenerio" time="6.644"/>
  <testcase name="FirstName" classname="com.IdentifyCourse.testcasescenario.TestScenerio" time="1.613"/>
  <testcase name="lastName" classname="com.IdentifyCourse.testcasescenario.TestScenerio" time="0.41"/>
  <testcase name="jobFunction" classname="com.IdentifyCourse.testcasescenario.TestScenerio" time="0.293"/>
  <testcase name="jobTitle" classname="com.IdentifyCourse.testcasescenario.TestScenerio" time="0.268"/>
  <testcase name="mail" classname="com.IdentifyCourse.testcasescenario.TestScenerio" time="0.231"/>
  <testcase name="Phone" classname="com.IdentifyCourse.testcasescenario.TestScenerio" time="0.143"/>
  <testcase name="Company" classname="com.IdentifyCourse.testcasescenario.TestScenerio" time="0.183"/>
  <testcase name="institutionType" classname="com.IdentifyCourse.testcasescenario.TestScenerio" time="0.216"/>
  <testcase name="primaryDiscipline" classname="com.IdentifyCourse.testcasescenario.TestScenerio" time="0.193"/>
  <testcase name="Country" classname="com.IdentifyCourse.testcasescenario.TestScenerio" time="0.454"/>
  <testcase name="help" classname="com.IdentifyCourse.testcasescenario.TestScenerio" time="0.166"/>
  <testcase name="submitButton" classname="com.IdentifyCourse.testcasescenario.TestScenerio" time="0.098"/>
</testsuite>