<?xml version="1.0" encoding="UTF-8"?>
<!-- Generated by org.testng.reporters.JUnitReportReporter -->
<testsuite hostname="LAPTOP-780R4IRU" failures="0" tests="3" name="com.IdentifyCourse.testcases.SearchCourseTestCase" time="38.923" errors="0" timestamp="21 Jul 2021 06:04:06 GMT">
  <testcase classname="com.IdentifyCourse.testcases.SearchCourseTestCase" name="screenshot" time="0.397"/>
  <testcase classname="com.IdentifyCourse.testcases.SearchCourseTestCase" name="openWebSite" time="8.703"/>
  <testcase classname="com.IdentifyCourse.testcases.SearchCourseTestCase" name="execution" time="29.823"/>
</testsuite> <!-- com.IdentifyCourse.testcases.SearchCourseTestCase -->
