<?xml version="1.0" encoding="UTF-8"?>
<!-- Generated by org.testng.reporters.JUnitReportReporter -->
<testsuite hostname="LAPTOP-780R4IRU" failures="0" tests="5" name="com.Hackathon.Homepage2" time="16.637" errors="0" timestamp="20 Jul 2021 12:26:22 GMT">
  <testcase classname="com.Hackathon.Homepage2" name="secondCourse" time="4.233"/>
  <testcase classname="com.Hackathon.Homepage2" name="selectLanguage2" time="5.138"/>
  <testcase classname="com.Hackathon.Homepage2" name="selectLevel2" time="0.273"/>
  <testcase classname="com.Hackathon.Homepage2" name="openWebSite" time="6.680"/>
  <testcase classname="com.Hackathon.Homepage2" name="screenshot" time="0.313"/>
</testsuite> <!-- com.Hackathon.Homepage2 -->
