<?xml version="1.0" encoding="UTF-8"?>
<!-- Generated by org.testng.reporters.JUnitReportReporter -->
<testsuite hostname="LAPTOP-780R4IRU" failures="0" tests="3" name="com.Hackathon.Homepage" time="25.260" errors="0" timestamp="20 Jul 2021 12:26:22 GMT">
  <testcase classname="com.Hackathon.Homepage" name="execution" time="21.225"/>
  <testcase classname="com.Hackathon.Homepage" name="screenshot" time="0.408"/>
  <testcase classname="com.Hackathon.Homepage" name="openWebSite" time="3.627"/>
</testsuite> <!-- com.Hackathon.Homepage -->
