<?xml version="1.0" encoding="UTF-8"?>
<!-- Generated by org.testng.reporters.JUnitReportReporter -->
<testsuite hostname="LAPTOP-780R4IRU" failures="0" tests="5" name="com.IdentifyCourse.testcases.SearchCourseTestCase" time="42.368" errors="0" timestamp="27 Jul 2021 09:49:18 GMT">
  <testcase classname="com.IdentifyCourse.testcases.SearchCourseTestCase" name="screenshot" time="0.458"/>
  <testcase classname="com.IdentifyCourse.testcases.SearchCourseTestCase" name="openWebSite" time="13.604"/>
  <testcase classname="com.IdentifyCourse.testcases.SearchCourseTestCase" name="execution" time="6.876"/>
  <testcase classname="com.IdentifyCourse.testcases.SearchCourseTestCase" name="selectLevels" time="3.844"/>
  <testcase classname="com.IdentifyCourse.testcases.SearchCourseTestCase" name="courseDetails" time="17.586"/>
</testsuite> <!-- com.IdentifyCourse.testcases.SearchCourseTestCase -->
