<?xml version="1.0" encoding="UTF-8"?>
<!-- Generated by org.testng.reporters.JUnitReportReporter -->
<testsuite hostname="LAPTOP-780R4IRU" failures="0" tests="25" name="com.Hackathon.TestScenerio" time="55.450" errors="0" timestamp="2021-07-20T17:04:32 IST" skipped="0">
  <testcase classname="com.Hackathon.TestScenerio" name="openWebSite" time="7.999"/>
  <system-out/>
  <testcase classname="com.Hackathon.TestScenerio" name="clickSearchTextbox" time="0.139"/>
  <system-out/>
  <testcase classname="com.Hackathon.TestScenerio" name="sendCourseName" time="4.002"/>
  <system-out/>
  <testcase classname="com.Hackathon.TestScenerio" name="selectLang" time="2.526"/>
  <system-out/>
  <testcase classname="com.Hackathon.TestScenerio" name="selectLevel" time="0.343"/>
  <system-out/>
  <testcase classname="com.Hackathon.TestScenerio" name="firstCourse" time="12.087"/>
  <system-out/>
  <testcase classname="com.Hackathon.TestScenerio" name="navigateToUrl" time="2.049"/>
  <system-out/>
  <testcase classname="com.Hackathon.TestScenerio" name="openLangWebSite" time="3.674"/>
  <system-out/>
  <testcase classname="com.Hackathon.TestScenerio" name="displayLanguage" time="6.242"/>
  <system-out/>
  <testcase classname="com.Hackathon.TestScenerio" name="diaplayLevel" time="0.286"/>
  <system-out/>
  <testcase classname="com.Hackathon.TestScenerio" name="openEnterprise" time="8.009"/>
  <system-out/>
  <testcase classname="com.Hackathon.TestScenerio" name="openForCampus" time="0.477"/>
  <system-out/>
  <testcase classname="com.Hackathon.TestScenerio" name="getStarted" time="4.088"/>
  <system-out/>
  <testcase classname="com.Hackathon.TestScenerio" name="FirstName" time="1.605"/>
  <system-out/>
  <testcase classname="com.Hackathon.TestScenerio" name="lastName" time="0.227"/>
  <system-out/>
  <testcase classname="com.Hackathon.TestScenerio" name="jobFunction" time="0.198"/>
  <system-out/>
  <testcase classname="com.Hackathon.TestScenerio" name="jobTitle" time="0.182"/>
  <system-out/>
  <testcase classname="com.Hackathon.TestScenerio" name="mail" time="0.184"/>
  <system-out/>
  <testcase classname="com.Hackathon.TestScenerio" name="Phone" time="0.189"/>
  <system-out/>
  <testcase classname="com.Hackathon.TestScenerio" name="Company" time="0.156"/>
  <system-out/>
  <testcase classname="com.Hackathon.TestScenerio" name="institutionType" time="0.171"/>
  <system-out/>
  <testcase classname="com.Hackathon.TestScenerio" name="primaryDiscipline" time="0.178"/>
  <system-out/>
  <testcase classname="com.Hackathon.TestScenerio" name="Country" time="0.178"/>
  <system-out/>
  <testcase classname="com.Hackathon.TestScenerio" name="help" time="0.178"/>
  <system-out/>
  <testcase classname="com.Hackathon.TestScenerio" name="submitButton" time="0.083"/>
  <system-out/>
</testsuite> <!-- com.Hackathon.TestScenerio -->
