<?xml version="1.0" encoding="UTF-8"?>
<!-- Generated by org.testng.reporters.JUnitReportReporter -->
<testsuite hostname="LAPTOP-780R4IRU" failures="0" tests="6" name="com.IdentifyCourse.testcases.FormFillingTestCase" time="63.027" errors="0" timestamp="27 Jul 2021 09:49:18 GMT">
  <testcase classname="com.IdentifyCourse.testcases.FormFillingTestCase" name="screenshot" time="0.271"/>
  <testcase classname="com.IdentifyCourse.testcases.FormFillingTestCase" name="formfilling" time="4.882"/>
  <testcase classname="com.IdentifyCourse.testcases.FormFillingTestCase" name="forCampus" time="8.300"/>
  <testcase classname="com.IdentifyCourse.testcases.FormFillingTestCase" name="enterprise" time="43.216"/>
  <testcase classname="com.IdentifyCourse.testcases.FormFillingTestCase" name="openWebSite" time="5.974"/>
  <testcase classname="com.IdentifyCourse.testcases.FormFillingTestCase" name="products" time="0.384"/>
</testsuite> <!-- com.IdentifyCourse.testcases.FormFillingTestCase -->
