<?xml version="1.0" encoding="UTF-8"?>
<!-- Generated by org.testng.reporters.JUnitReportReporter -->
<testsuite hostname="LAPTOP-780R4IRU" failures="0" tests="5" name="com.IdentifyCourse.testcases.LanguageLearningTestCase" time="25.048" errors="0" timestamp="21 Jul 2021 11:10:17 GMT">
  <testcase classname="com.IdentifyCourse.testcases.LanguageLearningTestCase" name="selectLanguage2" time="5.456"/>
  <testcase classname="com.IdentifyCourse.testcases.LanguageLearningTestCase" name="selectLevel2" time="0.236"/>
  <testcase classname="com.IdentifyCourse.testcases.LanguageLearningTestCase" name="openWebSite" time="12.387"/>
  <testcase classname="com.IdentifyCourse.testcases.LanguageLearningTestCase" name="secondCourse" time="6.683"/>
  <testcase classname="com.IdentifyCourse.testcases.LanguageLearningTestCase" name="screenshot" time="0.286"/>
</testsuite> <!-- com.IdentifyCourse.testcases.LanguageLearningTestCase -->
