<?xml version="1.0" encoding="UTF-8"?>
<!-- Generated by org.testng.reporters.JUnitReportReporter -->
<testsuite hostname="LAPTOP-780R4IRU" failures="0" tests="5" name="com.IdentifyCourse.testcases.SearchCourseTestCase" time="59.282" errors="0" timestamp="21 Jul 2021 11:10:17 GMT">
  <testcase classname="com.IdentifyCourse.testcases.SearchCourseTestCase" name="selectLevels" time="3.916"/>
  <testcase classname="com.IdentifyCourse.testcases.SearchCourseTestCase" name="execution" time="3.512"/>
  <testcase classname="com.IdentifyCourse.testcases.SearchCourseTestCase" name="courseDetails" time="28.602"/>
  <testcase classname="com.IdentifyCourse.testcases.SearchCourseTestCase" name="openWebSite" time="22.954"/>
  <testcase classname="com.IdentifyCourse.testcases.SearchCourseTestCase" name="screenshot" time="0.298"/>
</testsuite> <!-- com.IdentifyCourse.testcases.SearchCourseTestCase -->
