<?xml version="1.0" encoding="UTF-8"?>
<!-- Generated by org.testng.reporters.JUnitReportReporter -->
<testsuite hostname="LAPTOP-780R4IRU" failures="0" tests="5" name="com.IdentifyCourse.testcases.LanguageLearningTestCase" time="15.146" errors="0" timestamp="27 Jul 2021 09:49:18 GMT">
  <testcase classname="com.IdentifyCourse.testcases.LanguageLearningTestCase" name="selectLanguage2" time="3.231"/>
  <testcase classname="com.IdentifyCourse.testcases.LanguageLearningTestCase" name="screenshot" time="0.270"/>
  <testcase classname="com.IdentifyCourse.testcases.LanguageLearningTestCase" name="secondCourse" time="5.747"/>
  <testcase classname="com.IdentifyCourse.testcases.LanguageLearningTestCase" name="selectLevel2" time="0.288"/>
  <testcase classname="com.IdentifyCourse.testcases.LanguageLearningTestCase" name="openWebSite" time="5.610"/>
</testsuite> <!-- com.IdentifyCourse.testcases.LanguageLearningTestCase -->
