<?xml version="1.0" encoding="UTF-8"?>
<!-- Generated by org.testng.reporters.JUnitReportReporter -->
<testsuite hostname="LAPTOP-780R4IRU" failures="0" tests="25" name="com.IdentifyCourse.testcasescenario.TestScenerio" time="52.555" errors="0" timestamp="23 Jul 2021 08:00:29 GMT">
  <testcase classname="com.IdentifyCourse.testcasescenario.TestScenerio" name="displayLanguage" time="5.863"/>
  <testcase classname="com.IdentifyCourse.testcasescenario.TestScenerio" name="sendCourseName" time="4.207"/>
  <testcase classname="com.IdentifyCourse.testcasescenario.TestScenerio" name="openWebSite" time="2.982"/>
  <testcase classname="com.IdentifyCourse.testcasescenario.TestScenerio" name="help" time="0.178"/>
  <testcase classname="com.IdentifyCourse.testcasescenario.TestScenerio" name="Country" time="0.425"/>
  <testcase classname="com.IdentifyCourse.testcasescenario.TestScenerio" name="navigateToUrl" time="4.771"/>
  <testcase classname="com.IdentifyCourse.testcasescenario.TestScenerio" name="jobFunction" time="0.214"/>
  <testcase classname="com.IdentifyCourse.testcasescenario.TestScenerio" name="lastName" time="0.217"/>
  <testcase classname="com.IdentifyCourse.testcasescenario.TestScenerio" name="mail" time="0.211"/>
  <testcase classname="com.IdentifyCourse.testcasescenario.TestScenerio" name="firstCourse" time="9.943"/>
  <testcase classname="com.IdentifyCourse.testcasescenario.TestScenerio" name="selectLevel" time="0.802"/>
  <testcase classname="com.IdentifyCourse.testcasescenario.TestScenerio" name="Company" time="0.184"/>
  <testcase classname="com.IdentifyCourse.testcasescenario.TestScenerio" name="submitButton" time="0.098"/>
  <testcase classname="com.IdentifyCourse.testcasescenario.TestScenerio" name="clickSearchTextbox" time="0.110"/>
  <testcase classname="com.IdentifyCourse.testcasescenario.TestScenerio" name="Phone" time="0.123"/>
  <testcase classname="com.IdentifyCourse.testcasescenario.TestScenerio" name="openForCampus" time="0.428"/>
  <testcase classname="com.IdentifyCourse.testcasescenario.TestScenerio" name="openLangWebSite" time="5.412"/>
  <testcase classname="com.IdentifyCourse.testcasescenario.TestScenerio" name="openEnterprise" time="9.009"/>
  <testcase classname="com.IdentifyCourse.testcasescenario.TestScenerio" name="institutionType" time="0.202"/>
  <testcase classname="com.IdentifyCourse.testcasescenario.TestScenerio" name="getStarted" time="2.546"/>
  <testcase classname="com.IdentifyCourse.testcasescenario.TestScenerio" name="jobTitle" time="0.203"/>
  <testcase classname="com.IdentifyCourse.testcasescenario.TestScenerio" name="primaryDiscipline" time="0.182"/>
  <testcase classname="com.IdentifyCourse.testcasescenario.TestScenerio" name="selectLang" time="3.092"/>
  <testcase classname="com.IdentifyCourse.testcasescenario.TestScenerio" name="diaplayLevel" time="0.304"/>
  <testcase classname="com.IdentifyCourse.testcasescenario.TestScenerio" name="FirstName" time="0.849"/>
</testsuite> <!-- com.IdentifyCourse.testcasescenario.TestScenerio -->
