<?xml version="1.0" encoding="UTF-8"?>
<!-- Generated by org.testng.reporters.JUnitReportReporter -->
<testsuite hostname="LAPTOP-780R4IRU" failures="0" tests="4" name="com.IdentifyCourse.grid.Grid" time="15.754" errors="0" timestamp="22 Jul 2021 10:45:25 GMT">
  <testcase classname="com.IdentifyCourse.grid.Grid" name="selectLanguage2" time="4.835"/>
  <testcase classname="com.IdentifyCourse.grid.Grid" name="openWebSite" time="7.014"/>
  <testcase classname="com.IdentifyCourse.grid.Grid" name="secondCourse" time="3.460"/>
  <testcase classname="com.IdentifyCourse.grid.Grid" name="selectLevel2" time="0.445"/>
</testsuite> <!-- com.IdentifyCourse.grid.Grid -->
