<?xml version="1.0" encoding="UTF-8"?>
<!-- Generated by org.testng.reporters.JUnitReportReporter -->
<testsuite hostname="LAPTOP-780R4IRU" failures="0" tests="4" name="com.Hackathon.Homepage3" time="24.575" errors="0" timestamp="20 Jul 2021 12:26:22 GMT">
  <testcase classname="com.Hackathon.Homepage3" name="openWebSite" time="3.651"/>
  <testcase classname="com.Hackathon.Homepage3" name="formfilling" time="3.845"/>
  <testcase classname="com.Hackathon.Homepage3" name="enterprise" time="16.780"/>
  <testcase classname="com.Hackathon.Homepage3" name="screenshot" time="0.299"/>
</testsuite> <!-- com.Hackathon.Homepage3 -->
