<?xml version="1.0" encoding="UTF-8"?>
<!-- Generated by org.testng.reporters.JUnitReportReporter -->
<testsuite hostname="LAPTOP-780R4IRU" name="com.IdentifyCourse.testcases.FormFillingTestCase" tests="6" failures="0" timestamp="27 Jul 2021 10:32:21 GMT" time="44.616" errors="0">
  <testcase name="screenshot" time="0.260" classname="com.IdentifyCourse.testcases.FormFillingTestCase"/>
  <testcase name="products" time="0.730" classname="com.IdentifyCourse.testcases.FormFillingTestCase"/>
  <testcase name="enterprise" time="31.246" classname="com.IdentifyCourse.testcases.FormFillingTestCase"/>
  <testcase name="openWebSite" time="2.286" classname="com.IdentifyCourse.testcases.FormFillingTestCase"/>
  <testcase name="formfilling" time="4.727" classname="com.IdentifyCourse.testcases.FormFillingTestCase"/>
  <testcase name="forCampus" time="5.367" classname="com.IdentifyCourse.testcases.FormFillingTestCase"/>
</testsuite> <!-- com.IdentifyCourse.testcases.FormFillingTestCase -->
