<?xml version="1.0" encoding="UTF-8"?>
<!-- Generated by org.testng.reporters.JUnitReportReporter -->
<testsuite hostname="LAPTOP-780R4IRU" name="com.IdentifyCourse.testcases.SearchCourseTestCase" tests="5" failures="0" timestamp="27 Jul 2021 10:32:21 GMT" time="34.359" errors="0">
  <testcase name="selectLevels" time="9.537" classname="com.IdentifyCourse.testcases.SearchCourseTestCase"/>
  <testcase name="execution" time="3.434" classname="com.IdentifyCourse.testcases.SearchCourseTestCase"/>
  <testcase name="openWebSite" time="4.132" classname="com.IdentifyCourse.testcases.SearchCourseTestCase"/>
  <testcase name="courseDetails" time="16.849" classname="com.IdentifyCourse.testcases.SearchCourseTestCase"/>
  <testcase name="screenshot" time="0.407" classname="com.IdentifyCourse.testcases.SearchCourseTestCase"/>
</testsuite> <!-- com.IdentifyCourse.testcases.SearchCourseTestCase -->
