<?xml version="1.0" encoding="UTF-8"?>
<!-- Generated by org.testng.reporters.JUnitReportReporter -->
<testsuite hostname="LAPTOP-780R4IRU" failures="0" tests="25" name="com.Hackathon.TestScenerio" time="52.798" errors="0" timestamp="20 Jul 2021 11:47:40 GMT">
  <testcase classname="com.Hackathon.TestScenerio" name="openLangWebSite" time="3.232"/>
  <testcase classname="com.Hackathon.TestScenerio" name="help" time="0.231"/>
  <testcase classname="com.Hackathon.TestScenerio" name="getStarted" time="6.034"/>
  <testcase classname="com.Hackathon.TestScenerio" name="openEnterprise" time="8.754"/>
  <testcase classname="com.Hackathon.TestScenerio" name="Company" time="0.185"/>
  <testcase classname="com.Hackathon.TestScenerio" name="lastName" time="0.239"/>
  <testcase classname="com.Hackathon.TestScenerio" name="Phone" time="0.254"/>
  <testcase classname="com.Hackathon.TestScenerio" name="openForCampus" time="0.421"/>
  <testcase classname="com.Hackathon.TestScenerio" name="mail" time="0.180"/>
  <testcase classname="com.Hackathon.TestScenerio" name="sendCourseName" time="4.918"/>
  <testcase classname="com.Hackathon.TestScenerio" name="navigateToUrl" time="2.305"/>
  <testcase classname="com.Hackathon.TestScenerio" name="FirstName" time="1.344"/>
  <testcase classname="com.Hackathon.TestScenerio" name="openWebSite" time="3.410"/>
  <testcase classname="com.Hackathon.TestScenerio" name="jobFunction" time="0.232"/>
  <testcase classname="com.Hackathon.TestScenerio" name="institutionType" time="0.170"/>
  <testcase classname="com.Hackathon.TestScenerio" name="displayLanguage" time="5.037"/>
  <testcase classname="com.Hackathon.TestScenerio" name="selectLang" time="3.157"/>
  <testcase classname="com.Hackathon.TestScenerio" name="firstCourse" time="10.926"/>
  <testcase classname="com.Hackathon.TestScenerio" name="jobTitle" time="0.189"/>
  <testcase classname="com.Hackathon.TestScenerio" name="submitButton" time="0.089"/>
  <testcase classname="com.Hackathon.TestScenerio" name="clickSearchTextbox" time="0.129"/>
  <testcase classname="com.Hackathon.TestScenerio" name="primaryDiscipline" time="0.173"/>
  <testcase classname="com.Hackathon.TestScenerio" name="selectLevel" time="0.694"/>
  <testcase classname="com.Hackathon.TestScenerio" name="diaplayLevel" time="0.286"/>
  <testcase classname="com.Hackathon.TestScenerio" name="Country" time="0.209"/>
</testsuite> <!-- com.Hackathon.TestScenerio -->
