<?xml version="1.0" encoding="UTF-8"?>
<!-- Generated by org.testng.reporters.JUnitReportReporter -->
<testsuite hostname="LAPTOP-780R4IRU" name="com.IdentifyCourse.testcases.LanguageLearningTestCase" tests="5" failures="0" timestamp="27 Jul 2021 10:32:21 GMT" time="17.281" errors="0">
  <testcase name="selectLanguage2" time="7.570" classname="com.IdentifyCourse.testcases.LanguageLearningTestCase"/>
  <testcase name="secondCourse" time="5.548" classname="com.IdentifyCourse.testcases.LanguageLearningTestCase"/>
  <testcase name="openWebSite" time="3.452" classname="com.IdentifyCourse.testcases.LanguageLearningTestCase"/>
  <testcase name="selectLevel2" time="0.326" classname="com.IdentifyCourse.testcases.LanguageLearningTestCase"/>
  <testcase name="screenshot" time="0.385" classname="com.IdentifyCourse.testcases.LanguageLearningTestCase"/>
</testsuite> <!-- com.IdentifyCourse.testcases.LanguageLearningTestCase -->
